# JRE version: Java(TM) SE Runtime Environment (8.0_91-b15) (build 1.8.0_91-b15)
# Java VM: Java HotSpot(TM) 64-Bit Server VM (25.91-b15 mixed mode windows-amd64 compressed oops)
Heap:
 PSYoungGen      total 155648K, used 68184K [0x00000000d6180000, 0x00000000e1e80000, 0x0000000100000000)
  eden space 147968K, 41% used [0x00000000d6180000,0x00000000d9ce4170,0x00000000df200000)
  from space 7680K, 95% used [0x00000000e1700000,0x00000000e1e31e90,0x00000000e1e80000)
  to   space 13824K, 0% used [0x00000000e0380000,0x00000000e0380000,0x00000000e1100000)
 ParOldGen       total 90624K, used 19977K [0x0000000082400000, 0x0000000087c80000, 0x00000000d6180000)
  object space 90624K, 22% used [0x0000000082400000,0x0000000083782430,0x0000000087c80000)
 Metaspace       used 46084K, capacity 48022K, committed 48424K, reserved 1091584K
  class space    used 5946K, capacity 6314K, committed 6440K, reserved 1048576K
GC Heap History (10 events):
Event: 1.768 GC heap before
{Heap before GC invocations=6 (full 1):
 PSYoungGen      total 70656K, used 65536K [0x00000000d6180000, 0x00000000dab80000, 0x0000000100000000)
  eden space 65536K, 100% used [0x00000000d6180000,0x00000000da180000,0x00000000da180000)
  from space 5120K, 0% used [0x00000000da680000,0x00000000da680000,0x00000000dab80000)
  to   space 5120K, 0% used [0x00000000da180000,0x00000000da180000,0x00000000da680000)
 ParOldGen       total 53248K, used 6865K [0x0000000082400000, 0x0000000085800000, 0x00000000d6180000)
  object space 53248K, 12% used [0x0000000082400000,0x0000000082ab4648,0x0000000085800000)
 Metaspace       used 24645K, capacity 25554K, committed 25728K, reserved 1071104K
  class space    used 3252K, capacity 3455K, committed 3456K, reserved 1048576K
Event: 1.773 GC heap after
Heap after GC invocations=6 (full 1):
 PSYoungGen      total 70656K, used 5112K [0x00000000d6180000, 0x00000000ddc00000, 0x0000000100000000)
  eden space 65536K, 0% used [0x00000000d6180000,0x00000000d6180000,0x00000000da180000)
  from space 5120K, 99% used [0x00000000da180000,0x00000000da67e320,0x00000000da680000)
  to   space 8192K, 0% used [0x00000000dd400000,0x00000000dd400000,0x00000000ddc00000)
 ParOldGen       total 53248K, used 8233K [0x0000000082400000, 0x0000000085800000, 0x00000000d6180000)
  object space 53248K, 15% used [0x0000000082400000,0x0000000082c0a7b0,0x0000000085800000)
 Metaspace       used 24645K, capacity 25554K, committed 25728K, reserved 1071104K
  class space    used 3252K, capacity 3455K, committed 3456K, reserved 1048576K
}
Event: 2.244 GC heap before
{Heap before GC invocations=7 (full 1):
 PSYoungGen      total 70656K, used 70648K [0x00000000d6180000, 0x00000000ddc00000, 0x0000000100000000)
  eden space 65536K, 100% used [0x00000000d6180000,0x00000000da180000,0x00000000da180000)
  from space 5120K, 99% used [0x00000000da180000,0x00000000da67e320,0x00000000da680000)
  to   space 8192K, 0% used [0x00000000dd400000,0x00000000dd400000,0x00000000ddc00000)
 ParOldGen       total 53248K, used 8233K [0x0000000082400000, 0x0000000085800000, 0x00000000d6180000)
  object space 53248K, 15% used [0x0000000082400000,0x0000000082c0a7b0,0x0000000085800000)
 Metaspace       used 29600K, capacity 31038K, committed 31232K, reserved 1077248K
  class space    used 3998K, capacity 4285K, committed 4352K, reserved 1048576K
Event: 2.252 GC heap after
Heap after GC invocations=7 (full 1):
 PSYoungGen      total 113664K, used 8181K [0x00000000d6180000, 0x00000000de100000, 0x0000000100000000)
  eden space 105472K, 0% used [0x00000000d6180000,0x00000000d6180000,0x00000000dc880000)
  from space 8192K, 99% used [0x00000000dd400000,0x00000000ddbfd4a0,0x00000000ddc00000)
  to   space 11776K, 0% used [0x00000000dc880000,0x00000000dc880000,0x00000000dd400000)
 ParOldGen       total 53248K, used 12907K [0x0000000082400000, 0x0000000085800000, 0x00000000d6180000)
  object space 53248K, 24% used [0x0000000082400000,0x000000008309af00,0x0000000085800000)
 Metaspace       used 29600K, capacity 31038K, committed 31232K, reserved 1077248K
  class space    used 3998K, capacity 4285K, committed 4352K, reserved 1048576K
}
Event: 2.615 GC heap before
{Heap before GC invocations=8 (full 1):
 PSYoungGen      total 113664K, used 63067K [0x00000000d6180000, 0x00000000de100000, 0x0000000100000000)
  eden space 105472K, 52% used [0x00000000d6180000,0x00000000d97198d8,0x00000000dc880000)
  from space 8192K, 99% used [0x00000000dd400000,0x00000000ddbfd4a0,0x00000000ddc00000)
  to   space 11776K, 0% used [0x00000000dc880000,0x00000000dc880000,0x00000000dd400000)
 ParOldGen       total 53248K, used 12907K [0x0000000082400000, 0x0000000085800000, 0x00000000d6180000)
  object space 53248K, 24% used [0x0000000082400000,0x000000008309af00,0x0000000085800000)
 Metaspace       used 34000K, capacity 35446K, committed 35496K, reserved 1079296K
  class space    used 4480K, capacity 4769K, committed 4776K, reserved 1048576K
Event: 2.625 GC heap after
Heap after GC invocations=8 (full 1):
 PSYoungGen      total 117248K, used 11750K [0x00000000d6180000, 0x00000000e2500000, 0x0000000100000000)
  eden space 105472K, 0% used [0x00000000d6180000,0x00000000d6180000,0x00000000dc880000)
  from space 11776K, 99% used [0x00000000dc880000,0x00000000dd3f9a18,0x00000000dd400000)
  to   space 14336K, 0% used [0x00000000e1700000,0x00000000e1700000,0x00000000e2500000)
 ParOldGen       total 53248K, used 15180K [0x0000000082400000, 0x0000000085800000, 0x00000000d6180000)
  object space 53248K, 28% used [0x0000000082400000,0x00000000832d3310,0x0000000085800000)
 Metaspace       used 34000K, capacity 35446K, committed 35496K, reserved 1079296K
  class space    used 4480K, capacity 4769K, committed 4776K, reserved 1048576K
}
Event: 2.625 GC heap before
{Heap before GC invocations=9 (full 2):
 PSYoungGen      total 117248K, used 11750K [0x00000000d6180000, 0x00000000e2500000, 0x0000000100000000)
  eden space 105472K, 0% used [0x00000000d6180000,0x00000000d6180000,0x00000000dc880000)
  from space 11776K, 99% used [0x00000000dc880000,0x00000000dd3f9a18,0x00000000dd400000)
  to   space 14336K, 0% used [0x00000000e1700000,0x00000000e1700000,0x00000000e2500000)
 ParOldGen       total 53248K, used 15180K [0x0000000082400000, 0x0000000085800000, 0x00000000d6180000)
  object space 53248K, 28% used [0x0000000082400000,0x00000000832d3310,0x0000000085800000)
 Metaspace       used 34000K, capacity 35446K, committed 35496K, reserved 1079296K
  class space    used 4480K, capacity 4769K, committed 4776K, reserved 1048576K
Event: 2.679 GC heap after
Heap after GC invocations=9 (full 2):
 PSYoungGen      total 117248K, used 0K [0x00000000d6180000, 0x00000000e2500000, 0x0000000100000000)
  eden space 105472K, 0% used [0x00000000d6180000,0x00000000d6180000,0x00000000dc880000)
  from space 11776K, 0% used [0x00000000dc880000,0x00000000dc880000,0x00000000dd400000)
  to   space 14336K, 0% used [0x00000000e1700000,0x00000000e1700000,0x00000000e2500000)
 ParOldGen       total 90624K, used 19969K [0x0000000082400000, 0x0000000087c80000, 0x00000000d6180000)
  object space 90624K, 22% used [0x0000000082400000,0x0000000083780430,0x0000000087c80000)
 Metaspace       used 34000K, capacity 35446K, committed 35496K, reserved 1079296K
  class space    used 4480K, capacity 4769K, committed 4776K, reserved 1048576K
}
Event: 11.339 GC heap before
{Heap before GC invocations=10 (full 2):
 PSYoungGen      total 117248K, used 105472K [0x00000000d6180000, 0x00000000e2500000, 0x0000000100000000)
  eden space 105472K, 100% used [0x00000000d6180000,0x00000000dc880000,0x00000000dc880000)
  from space 11776K, 0% used [0x00000000dc880000,0x00000000dc880000,0x00000000dd400000)
  to   space 14336K, 0% used [0x00000000e1700000,0x00000000e1700000,0x00000000e2500000)
 ParOldGen       total 90624K, used 19969K [0x0000000082400000, 0x0000000087c80000, 0x00000000d6180000)
  object space 90624K, 22% used [0x0000000082400000,0x0000000083780430,0x0000000087c80000)
 Metaspace       used 39464K, capacity 41386K, committed 41512K, reserved 1085440K
  class space    used 5229K, capacity 5602K, committed 5672K, reserved 1048576K
Event: 11.347 GC heap after
Heap after GC invocations=10 (full 2):
 PSYoungGen      total 155648K, used 7367K [0x00000000d6180000, 0x00000000e1e80000, 0x0000000100000000)
  eden space 147968K, 0% used [0x00000000d6180000,0x00000000d6180000,0x00000000df200000)
  from space 7680K, 95% used [0x00000000e1700000,0x00000000e1e31e90,0x00000000e1e80000)
  to   space 13824K, 0% used [0x00000000e0380000,0x00000000e0380000,0x00000000e1100000)
 ParOldGen       total 90624K, used 19977K [0x0000000082400000, 0x0000000087c80000, 0x00000000d6180000)
  object space 90624K, 22% used [0x0000000082400000,0x0000000083782430,0x0000000087c80000)
 Metaspace       used 39464K, capacity 41386K, committed 41512K, reserved 1085440K
  class space    used 5229K, capacity 5602K, committed 5672K, reserved 1048576K
}

