# JRE version: Java(TM) SE Runtime Environment (8.0_91-b15) (build 1.8.0_91-b15)
# Java VM: Java HotSpot(TM) 64-Bit Server VM (25.91-b15 mixed mode windows-amd64 compressed oops)
Heap:
 PSYoungGen      total 113664K, used 71745K [0x00000000d6180000, 0x00000000dde80000, 0x0000000100000000)
  eden space 103424K, 69% used [0x00000000d6180000,0x00000000da790678,0x00000000dc680000)
  from space 10240K, 0% used [0x00000000dca00000,0x00000000dca00000,0x00000000dd400000)
  to   space 10752K, 0% used [0x00000000dd400000,0x00000000dd400000,0x00000000dde80000)
 ParOldGen       total 74752K, used 15783K [0x0000000082400000, 0x0000000086d00000, 0x00000000d6180000)
  object space 74752K, 21% used [0x0000000082400000,0x0000000083369f38,0x0000000086d00000)
 Metaspace       used 37580K, capacity 39806K, committed 39936K, reserved 1083392K
  class space    used 5150K, capacity 5582K, committed 5632K, reserved 1048576K
GC Heap History (10 events):
Event: 4.907 GC heap before
{Heap before GC invocations=5 (full 1):
 PSYoungGen      total 70656K, used 5116K [0x00000000d6180000, 0x00000000dab80000, 0x0000000100000000)
  eden space 65536K, 0% used [0x00000000d6180000,0x00000000d6180000,0x00000000da180000)
  from space 5120K, 99% used [0x00000000da680000,0x00000000dab7f060,0x00000000dab80000)
  to   space 5120K, 0% used [0x00000000da180000,0x00000000da180000,0x00000000da680000)
 ParOldGen       total 86016K, used 5912K [0x0000000082400000, 0x0000000087800000, 0x00000000d6180000)
  object space 86016K, 6% used [0x0000000082400000,0x00000000829c60a0,0x0000000087800000)
 Metaspace       used 20592K, capacity 21196K, committed 21296K, reserved 1067008K
  class space    used 2719K, capacity 2906K, committed 2944K, reserved 1048576K
Event: 4.941 GC heap after
Heap after GC invocations=5 (full 1):
 PSYoungGen      total 70656K, used 0K [0x00000000d6180000, 0x00000000dab80000, 0x0000000100000000)
  eden space 65536K, 0% used [0x00000000d6180000,0x00000000d6180000,0x00000000da180000)
  from space 5120K, 0% used [0x00000000da680000,0x00000000da680000,0x00000000dab80000)
  to   space 5120K, 0% used [0x00000000da180000,0x00000000da180000,0x00000000da680000)
 ParOldGen       total 54784K, used 7880K [0x0000000082400000, 0x0000000085980000, 0x00000000d6180000)
  object space 54784K, 14% used [0x0000000082400000,0x0000000082bb21d0,0x0000000085980000)
 Metaspace       used 20582K, capacity 21178K, committed 21296K, reserved 1067008K
  class space    used 2715K, capacity 2899K, committed 2944K, reserved 1048576K
}
Event: 5.814 GC heap before
{Heap before GC invocations=6 (full 1):
 PSYoungGen      total 70656K, used 65536K [0x00000000d6180000, 0x00000000dab80000, 0x0000000100000000)
  eden space 65536K, 100% used [0x00000000d6180000,0x00000000da180000,0x00000000da180000)
  from space 5120K, 0% used [0x00000000da680000,0x00000000da680000,0x00000000dab80000)
  to   space 5120K, 0% used [0x00000000da180000,0x00000000da180000,0x00000000da680000)
 ParOldGen       total 54784K, used 7882K [0x0000000082400000, 0x0000000085980000, 0x00000000d6180000)
  object space 54784K, 14% used [0x0000000082400000,0x0000000082bb29e8,0x0000000085980000)
 Metaspace       used 23756K, capacity 24622K, committed 24704K, reserved 1071104K
  class space    used 3203K, capacity 3421K, committed 3456K, reserved 1048576K
Event: 5.822 GC heap after
Heap after GC invocations=6 (full 1):
 PSYoungGen      total 70656K, used 5096K [0x00000000d6180000, 0x00000000dde00000, 0x0000000100000000)
  eden space 65536K, 0% used [0x00000000d6180000,0x00000000d6180000,0x00000000da180000)
  from space 5120K, 99% used [0x00000000da180000,0x00000000da67a1e0,0x00000000da680000)
  to   space 9216K, 0% used [0x00000000dd500000,0x00000000dd500000,0x00000000dde00000)
 ParOldGen       total 54784K, used 9354K [0x0000000082400000, 0x0000000085980000, 0x00000000d6180000)
  object space 54784K, 17% used [0x0000000082400000,0x0000000082d22a28,0x0000000085980000)
 Metaspace       used 23756K, capacity 24622K, committed 24704K, reserved 1071104K
  class space    used 3203K, capacity 3421K, committed 3456K, reserved 1048576K
}
Event: 6.839 GC heap before
{Heap before GC invocations=7 (full 1):
 PSYoungGen      total 70656K, used 70632K [0x00000000d6180000, 0x00000000dde00000, 0x0000000100000000)
  eden space 65536K, 100% used [0x00000000d6180000,0x00000000da180000,0x00000000da180000)
  from space 5120K, 99% used [0x00000000da180000,0x00000000da67a1e0,0x00000000da680000)
  to   space 9216K, 0% used [0x00000000dd500000,0x00000000dd500000,0x00000000dde00000)
 ParOldGen       total 54784K, used 9354K [0x0000000082400000, 0x0000000085980000, 0x00000000d6180000)
  object space 54784K, 17% used [0x0000000082400000,0x0000000082d22a28,0x0000000085980000)
 Metaspace       used 28356K, capacity 29610K, committed 29824K, reserved 1075200K
  class space    used 3812K, capacity 4101K, committed 4224K, reserved 1048576K
Event: 6.846 GC heap after
Heap after GC invocations=7 (full 1):
 PSYoungGen      total 116224K, used 9191K [0x00000000d6180000, 0x00000000dde00000, 0x0000000100000000)
  eden space 107008K, 0% used [0x00000000d6180000,0x00000000d6180000,0x00000000dca00000)
  from space 9216K, 99% used [0x00000000dd500000,0x00000000dddf9de8,0x00000000dde00000)
  to   space 10240K, 0% used [0x00000000dca00000,0x00000000dca00000,0x00000000dd400000)
 ParOldGen       total 54784K, used 9692K [0x0000000082400000, 0x0000000085980000, 0x00000000d6180000)
  object space 54784K, 17% used [0x0000000082400000,0x0000000082d77160,0x0000000085980000)
 Metaspace       used 28356K, capacity 29610K, committed 29824K, reserved 1075200K
  class space    used 3812K, capacity 4101K, committed 4224K, reserved 1048576K
}
Event: 467.685 GC heap before
{Heap before GC invocations=8 (full 1):
 PSYoungGen      total 116224K, used 91321K [0x00000000d6180000, 0x00000000dde00000, 0x0000000100000000)
  eden space 107008K, 76% used [0x00000000d6180000,0x00000000db1b4690,0x00000000dca00000)
  from space 9216K, 99% used [0x00000000dd500000,0x00000000dddf9de8,0x00000000dde00000)
  to   space 10240K, 0% used [0x00000000dca00000,0x00000000dca00000,0x00000000dd400000)
 ParOldGen       total 54784K, used 9692K [0x0000000082400000, 0x0000000085980000, 0x00000000d6180000)
  object space 54784K, 17% used [0x0000000082400000,0x0000000082d77160,0x0000000085980000)
 Metaspace       used 33765K, capacity 35424K, committed 35456K, reserved 1079296K
  class space    used 4609K, capacity 4979K, committed 4992K, reserved 1048576K
Event: 467.706 GC heap after
Heap after GC invocations=8 (full 1):
 PSYoungGen      total 113664K, used 10235K [0x00000000d6180000, 0x00000000dde80000, 0x0000000100000000)
  eden space 103424K, 0% used [0x00000000d6180000,0x00000000d6180000,0x00000000dc680000)
  from space 10240K, 99% used [0x00000000dca00000,0x00000000dd3fecb0,0x00000000dd400000)
  to   space 10752K, 0% used [0x00000000dd400000,0x00000000dd400000,0x00000000dde80000)
 ParOldGen       total 54784K, used 10999K [0x0000000082400000, 0x0000000085980000, 0x00000000d6180000)
  object space 54784K, 20% used [0x0000000082400000,0x0000000082ebdcb8,0x0000000085980000)
 Metaspace       used 33765K, capacity 35424K, committed 35456K, reserved 1079296K
  class space    used 4609K, capacity 4979K, committed 4992K, reserved 1048576K
}
Event: 467.706 GC heap before
{Heap before GC invocations=9 (full 2):
 PSYoungGen      total 113664K, used 10235K [0x00000000d6180000, 0x00000000dde80000, 0x0000000100000000)
  eden space 103424K, 0% used [0x00000000d6180000,0x00000000d6180000,0x00000000dc680000)
  from space 10240K, 99% used [0x00000000dca00000,0x00000000dd3fecb0,0x00000000dd400000)
  to   space 10752K, 0% used [0x00000000dd400000,0x00000000dd400000,0x00000000dde80000)
 ParOldGen       total 54784K, used 10999K [0x0000000082400000, 0x0000000085980000, 0x00000000d6180000)
  object space 54784K, 20% used [0x0000000082400000,0x0000000082ebdcb8,0x0000000085980000)
 Metaspace       used 33765K, capacity 35424K, committed 35456K, reserved 1079296K
  class space    used 4609K, capacity 4979K, committed 4992K, reserved 1048576K
Event: 467.817 GC heap after
Heap after GC invocations=9 (full 2):
 PSYoungGen      total 113664K, used 0K [0x00000000d6180000, 0x00000000dde80000, 0x0000000100000000)
  eden space 103424K, 0% used [0x00000000d6180000,0x00000000d6180000,0x00000000dc680000)
  from space 10240K, 0% used [0x00000000dca00000,0x00000000dca00000,0x00000000dd400000)
  to   space 10752K, 0% used [0x00000000dd400000,0x00000000dd400000,0x00000000dde80000)
 ParOldGen       total 74752K, used 15783K [0x0000000082400000, 0x0000000086d00000, 0x00000000d6180000)
  object space 74752K, 21% used [0x0000000082400000,0x0000000083369f38,0x0000000086d00000)
 Metaspace       used 33765K, capacity 35424K, committed 35456K, reserved 1079296K
  class space    used 4609K, capacity 4979K, committed 4992K, reserved 1048576K
}

